[     486ms] [INFO] %cDownload the React DevTools for a better development experience: https://react.dev/link/react-devtools font-weight:bold @ http://localhost:5173/node_modules/.vite/deps/react-dom_client.js?v=cd13c18a:20100
[   11869ms] [ERROR] In HTML, %s cannot be a descendant of <%s>.
This will cause a hydration error.%s <button> button 

  <App>
    <GameProvider>
      <AppRouter>
        <ModeSelectScreen>
          <div className="min-h-scre...">
            <button>
            <h2>
            <p>
            <div className="grid grid-...">
              <div className="flex flex-col">
>               <button
>                 onClick={function onClick}
>                 className={"relative p-5 rounded-2xl border-2 text-left transition-all duration-200\n              ..."}
>                 style={{background:"rgba(255,2...",borderColor:"rgba(255,2...",boxShadow:"none"}}
>               >
>                 <button
>                   onClick={function onClick}
>                   className={"absolute top-3 right-3 w-6 h-6 rounded-full flex items-center justify-center\n       ..."}
>                   style={{background:"rgba(255,2...",color:"rgba(255,2..."}}
>                   title="מה זה?"
>                 >
                  ...
              ...
            ...
 @ http://localhost:5173/node_modules/.vite/deps/react-dom_client.js?v=cd13c18a:2153
